action: py38, msg: getenv
cwd: /Users/hamishgibbs/Documents/Personal/solid_idp
cmd: /Users/hamishgibbs/Documents/Personal/solid_idp/.tox/py38/bin/python -m pip install pytest
Collecting pytest
  Using cached pytest-6.2.1-py3-none-any.whl (279 kB)
Collecting py>=1.8.2
  Using cached py-1.10.0-py2.py3-none-any.whl (97 kB)
Collecting pluggy<1.0.0a1,>=0.12
  Using cached pluggy-0.13.1-py2.py3-none-any.whl (18 kB)
Collecting toml
  Using cached toml-0.10.2-py2.py3-none-any.whl (16 kB)
Collecting iniconfig
  Using cached iniconfig-1.1.1-py2.py3-none-any.whl (5.0 kB)
Collecting packaging
  Using cached packaging-20.8-py2.py3-none-any.whl (39 kB)
Collecting attrs>=19.2.0
  Using cached attrs-20.3.0-py2.py3-none-any.whl (49 kB)
Collecting pyparsing>=2.0.2
  Using cached pyparsing-2.4.7-py2.py3-none-any.whl (67 kB)
Installing collected packages: py, pluggy, toml, iniconfig, pyparsing, packaging, attrs, pytest
Successfully installed attrs-20.3.0 iniconfig-1.1.1 packaging-20.8 pluggy-0.13.1 py-1.10.0 pyparsing-2.4.7 pytest-6.2.1 toml-0.10.2
WARNING: You are using pip version 20.1.1; however, version 20.3.3 is available.
You should consider upgrading via the '/Users/hamishgibbs/Documents/Personal/solid_idp/.tox/py38/bin/python -m pip install --upgrade pip' command.
